1610314511607	geckodriver	INFO	Listening on 127.0.0.1:54128
1610314514600	mozrunner::runner	INFO	Running command: "C:\\Program Files\\Mozilla Firefox\\firefox.exe" "--marionette" "-foreground" "-no-remote" "-profile" "C:\\Users\\tseco\\AppData\\Local\\Temp\\rust_mozprofilewNrHaq"
Can't find symbol 'eglSwapBuffersWithDamageEXT'.
Can't find symbol 'eglSetDamageRegionKHR'.
JavaScript error: resource://gre/modules/XULStore.jsm, line 66: Error: Can't find profile directory.
console.warn: SearchSettings: "get: No settings file exists, new profile?" (new Error("", "(unknown module)"))
1610314518364	Marionette	INFO	Listening on port 54136
1610314518809	Marionette	WARN	TLS certificate errors will be ignored for this session
1610314525823	Marionette	INFO	Stopped listening on port 54136

###!!! [Child][RunMessage] Error: Channel closing: too late to send/recv, messages will be lost

1610315701232	geckodriver	INFO	Listening on 127.0.0.1:54494
1610315704223	mozrunner::runner	INFO	Running command: "C:\\Program Files\\Mozilla Firefox\\firefox.exe" "--marionette" "-foreground" "-no-remote" "-profile" "C:\\Users\\tseco\\AppData\\Local\\Temp\\rust_mozprofileZyDOGk"
Can't find symbol 'eglSwapBuffersWithDamageEXT'.
Can't find symbol 'eglSetDamageRegionKHR'.
JavaScript error: resource://gre/modules/XULStore.jsm, line 66: Error: Can't find profile directory.
console.warn: SearchSettings: "get: No settings file exists, new profile?" (new Error("", "(unknown module)"))
1610315707823	Marionette	INFO	Listening on port 54503
1610315707960	Marionette	WARN	TLS certificate errors will be ignored for this session
JavaScript error: resource://gre/actors/PictureInPictureChild.jsm, line 568: TypeError: this.contentWindow is null
JavaScript error: resource://gre/actors/PictureInPictureChild.jsm, line 225: InvalidStateError: An attempt was made to use an object that is not, or is no longer, usable
1610315720995	Marionette	INFO	Stopped listening on port 54503
JavaScript error: resource://gre/actors/PictureInPictureChild.jsm, line 298: InvalidStateError: An attempt was made to use an object that is not, or is no longer, usable
JavaScript error: resource://gre/actors/PictureInPictureChild.jsm, line 298: InvalidStateError: An attempt was made to use an object that is not, or is no longer, usable
JavaScript error: resource://gre/actors/PictureInPictureChild.jsm, line 298: InvalidStateError: An attempt was made to use an object that is not, or is no longer, usable

###!!! [Child][RunMessage] Error: Channel closing: too late to send/recv, messages will be lost

1610315740773	geckodriver	INFO	Listening on 127.0.0.1:54579
1610315743733	mozrunner::runner	INFO	Running command: "C:\\Program Files\\Mozilla Firefox\\firefox.exe" "--marionette" "-foreground" "-no-remote" "-profile" "C:\\Users\\tseco\\AppData\\Local\\Temp\\rust_mozprofileZIiAnk"
Can't find symbol 'eglSwapBuffersWithDamageEXT'.
Can't find symbol 'eglSetDamageRegionKHR'.
JavaScript error: resource://gre/modules/XULStore.jsm, line 66: Error: Can't find profile directory.
console.warn: SearchSettings: "get: No settings file exists, new profile?" (new Error("", "(unknown module)"))
1610315747390	Marionette	INFO	Listening on port 54589
1610315747469	Marionette	WARN	TLS certificate errors will be ignored for this session
JavaScript error: resource://gre/actors/PictureInPictureChild.jsm, line 452: TypeError: this.contentWindow is null
JavaScript error: resource://gre/actors/PictureInPictureChild.jsm, line 568: TypeError: this.contentWindow is null
1610315785873	Marionette	INFO	Stopped listening on port 54589
JavaScript error: resource://gre/actors/PictureInPictureChild.jsm, line 298: InvalidStateError: An attempt was made to use an object that is not, or is no longer, usable
JavaScript error: resource://gre/actors/PictureInPictureChild.jsm, line 298: InvalidStateError: An attempt was made to use an object that is not, or is no longer, usable
JavaScript error: resource://gre/actors/PictureInPictureChild.jsm, line 298: InvalidStateError: An attempt was made to use an object that is not, or is no longer, usable

###!!! [Child][RunMessage] Error: Channel closing: too late to send/recv, messages will be lost

1610316348635	geckodriver	INFO	Listening on 127.0.0.1:54982
1610316351614	mozrunner::runner	INFO	Running command: "C:\\Program Files\\Mozilla Firefox\\firefox.exe" "--marionette" "-foreground" "-no-remote" "-profile" "C:\\Users\\tseco\\AppData\\Local\\Temp\\rust_mozprofilesFxjNe"
Can't find symbol 'eglSwapBuffersWithDamageEXT'.
Can't find symbol 'eglSetDamageRegionKHR'.
JavaScript error: resource://gre/modules/XULStore.jsm, line 66: Error: Can't find profile directory.
console.warn: SearchSettings: "get: No settings file exists, new profile?" (new Error("", "(unknown module)"))
1610316355609	Marionette	INFO	Listening on port 54991
1610316355879	Marionette	WARN	TLS certificate errors will be ignored for this session
1610316356541	Marionette	INFO	Stopped listening on port 54991

###!!! [Child][RunMessage] Error: Channel closing: too late to send/recv, messages will be lost

1610316377351	geckodriver	INFO	Listening on 127.0.0.1:55047
1610316380313	mozrunner::runner	INFO	Running command: "C:\\Program Files\\Mozilla Firefox\\firefox.exe" "--marionette" "-foreground" "-no-remote" "-profile" "C:\\Users\\tseco\\AppData\\Local\\Temp\\rust_mozprofilezqU1hM"
Can't find symbol 'eglSwapBuffersWithDamageEXT'.
Can't find symbol 'eglSetDamageRegionKHR'.
JavaScript error: resource://gre/modules/XULStore.jsm, line 66: Error: Can't find profile directory.
console.warn: SearchSettings: "get: No settings file exists, new profile?" (new Error("", "(unknown module)"))
1610316383935	Marionette	INFO	Listening on port 55058
1610316384039	Marionette	WARN	TLS certificate errors will be ignored for this session
1610316384678	Marionette	INFO	Stopped listening on port 55058
JavaScript error: resource://activity-stream/lib/ASRouter.jsm, line 987: NS_ERROR_ILLEGAL_VALUE: Component returned failure code: 0x80070057 (NS_ERROR_ILLEGAL_VALUE) [nsIObserverService.removeObserver]

###!!! [Child][RunMessage] Error: Channel closing: too late to send/recv, messages will be lost

1610316405380	geckodriver	INFO	Listening on 127.0.0.1:55107
1610316408403	mozrunner::runner	INFO	Running command: "C:\\Program Files\\Mozilla Firefox\\firefox.exe" "--marionette" "-foreground" "-no-remote" "-profile" "C:\\Users\\tseco\\AppData\\Local\\Temp\\rust_mozprofileBQdTDF"
Can't find symbol 'eglSwapBuffersWithDamageEXT'.
Can't find symbol 'eglSetDamageRegionKHR'.
JavaScript error: resource://gre/modules/XULStore.jsm, line 66: Error: Can't find profile directory.
console.warn: SearchSettings: "get: No settings file exists, new profile?" (new Error("", "(unknown module)"))
1610316411825	Marionette	INFO	Listening on port 55118
1610316412118	Marionette	WARN	TLS certificate errors will be ignored for this session
1610316412762	Marionette	INFO	Stopped listening on port 55118

###!!! [Child][RunMessage] Error: Channel closing: too late to send/recv, messages will be lost

1610316423254	geckodriver	INFO	Listening on 127.0.0.1:55162
1610316426224	mozrunner::runner	INFO	Running command: "C:\\Program Files\\Mozilla Firefox\\firefox.exe" "--marionette" "-foreground" "-no-remote" "-profile" "C:\\Users\\tseco\\AppData\\Local\\Temp\\rust_mozprofileupqONp"
Can't find symbol 'eglSwapBuffersWithDamageEXT'.
Can't find symbol 'eglSetDamageRegionKHR'.
JavaScript error: resource://gre/modules/XULStore.jsm, line 66: Error: Can't find profile directory.
console.warn: SearchSettings: "get: No settings file exists, new profile?" (new Error("", "(unknown module)"))
1610316430330	Marionette	INFO	Listening on port 55173
1610316430455	Marionette	WARN	TLS certificate errors will be ignored for this session
1610316431152	Marionette	INFO	Stopped listening on port 55173
JavaScript error: resource://activity-stream/lib/ASRouter.jsm, line 987: NS_ERROR_ILLEGAL_VALUE: Component returned failure code: 0x80070057 (NS_ERROR_ILLEGAL_VALUE) [nsIObserverService.removeObserver]

###!!! [Child][RunMessage] Error: Channel closing: too late to send/recv, messages will be lost

1610316531378	geckodriver	INFO	Listening on 127.0.0.1:55292
1610316534374	mozrunner::runner	INFO	Running command: "C:\\Program Files\\Mozilla Firefox\\firefox.exe" "--marionette" "-foreground" "-no-remote" "-profile" "C:\\Users\\tseco\\AppData\\Local\\Temp\\rust_mozprofile5EcbVt"
Can't find symbol 'eglSwapBuffersWithDamageEXT'.
Can't find symbol 'eglSetDamageRegionKHR'.
JavaScript error: resource://gre/modules/XULStore.jsm, line 66: Error: Can't find profile directory.
console.warn: SearchSettings: "get: No settings file exists, new profile?" (new Error("", "(unknown module)"))
1610316538196	Marionette	INFO	Listening on port 55301
1610316538607	Marionette	WARN	TLS certificate errors will be ignored for this session
1610316539248	Marionette	INFO	Stopped listening on port 55301

###!!! [Child][RunMessage] Error: Channel closing: too late to send/recv, messages will be lost

1610316769481	geckodriver	INFO	Listening on 127.0.0.1:55499
1610316772455	mozrunner::runner	INFO	Running command: "C:\\Program Files\\Mozilla Firefox\\firefox.exe" "--marionette" "-foreground" "-no-remote" "-profile" "C:\\Users\\tseco\\AppData\\Local\\Temp\\rust_mozprofilexdJsHk"
Can't find symbol 'eglSwapBuffersWithDamageEXT'.
Can't find symbol 'eglSetDamageRegionKHR'.
JavaScript error: resource://gre/modules/XULStore.jsm, line 66: Error: Can't find profile directory.
console.warn: SearchSettings: "get: No settings file exists, new profile?" (new Error("", "(unknown module)"))
1610316775951	Marionette	INFO	Listening on port 55508
1610316776168	Marionette	WARN	TLS certificate errors will be ignored for this session
1610316799158	Marionette	INFO	Stopped listening on port 55508

###!!! [Child][RunMessage] Error: Channel closing: too late to send/recv, messages will be lost

1610316871856	geckodriver	INFO	Listening on 127.0.0.1:55637
1610316874887	mozrunner::runner	INFO	Running command: "C:\\Program Files\\Mozilla Firefox\\firefox.exe" "--marionette" "-foreground" "-no-remote" "-profile" "C:\\Users\\tseco\\AppData\\Local\\Temp\\rust_mozprofileEPfM88"
Can't find symbol 'eglSwapBuffersWithDamageEXT'.
Can't find symbol 'eglSetDamageRegionKHR'.
JavaScript error: resource://gre/modules/XULStore.jsm, line 66: Error: Can't find profile directory.
console.warn: SearchSettings: "get: No settings file exists, new profile?" (new Error("", "(unknown module)"))
1610316878641	Marionette	INFO	Listening on port 55646
1610316879141	Marionette	WARN	TLS certificate errors will be ignored for this session
1610316887248	Marionette	INFO	Stopped listening on port 55646

###!!! [Child][RunMessage] Error: Channel closing: too late to send/recv, messages will be lost

1610317149232	geckodriver	INFO	Listening on 127.0.0.1:55943
1610317152202	mozrunner::runner	INFO	Running command: "C:\\Program Files\\Mozilla Firefox\\firefox.exe" "--marionette" "-foreground" "-no-remote" "-profile" "C:\\Users\\tseco\\AppData\\Local\\Temp\\rust_mozprofile5PqODa"
Can't find symbol 'eglSwapBuffersWithDamageEXT'.
Can't find symbol 'eglSetDamageRegionKHR'.
JavaScript error: resource://gre/modules/XULStore.jsm, line 66: Error: Can't find profile directory.
console.warn: SearchSettings: "get: No settings file exists, new profile?" (new Error("", "(unknown module)"))
1610317155853	Marionette	INFO	Listening on port 55954
1610317155932	Marionette	WARN	TLS certificate errors will be ignored for this session
1610317156571	Marionette	INFO	Stopped listening on port 55954
JavaScript error: resource://activity-stream/lib/ASRouter.jsm, line 987: NS_ERROR_ILLEGAL_VALUE: Component returned failure code: 0x80070057 (NS_ERROR_ILLEGAL_VALUE) [nsIObserverService.removeObserver]

###!!! [Child][RunMessage] Error: Channel closing: too late to send/recv, messages will be lost

1610317167932	geckodriver	INFO	Listening on 127.0.0.1:55995
1610317170927	mozrunner::runner	INFO	Running command: "C:\\Program Files\\Mozilla Firefox\\firefox.exe" "--marionette" "-foreground" "-no-remote" "-profile" "C:\\Users\\tseco\\AppData\\Local\\Temp\\rust_mozprofileTsmVOl"
Can't find symbol 'eglSwapBuffersWithDamageEXT'.
Can't find symbol 'eglSetDamageRegionKHR'.
JavaScript error: resource://gre/modules/XULStore.jsm, line 66: Error: Can't find profile directory.
console.warn: SearchSettings: "get: No settings file exists, new profile?" (new Error("", "(unknown module)"))
1610317174383	Marionette	INFO	Listening on port 56004
1610317174687	Marionette	WARN	TLS certificate errors will be ignored for this session
1610317175309	Marionette	INFO	Stopped listening on port 56004
JavaScript error: resource://activity-stream/lib/ASRouter.jsm, line 987: NS_ERROR_ILLEGAL_VALUE: Component returned failure code: 0x80070057 (NS_ERROR_ILLEGAL_VALUE) [nsIObserverService.removeObserver]

###!!! [Child][RunMessage] Error: Channel closing: too late to send/recv, messages will be lost

1610317191736	geckodriver	INFO	Listening on 127.0.0.1:56051
1610317194727	mozrunner::runner	INFO	Running command: "C:\\Program Files\\Mozilla Firefox\\firefox.exe" "--marionette" "-foreground" "-no-remote" "-profile" "C:\\Users\\tseco\\AppData\\Local\\Temp\\rust_mozprofile0hNYqO"
Can't find symbol 'eglSwapBuffersWithDamageEXT'.
Can't find symbol 'eglSetDamageRegionKHR'.
JavaScript error: resource://gre/modules/XULStore.jsm, line 66: Error: Can't find profile directory.
console.warn: SearchSettings: "get: No settings file exists, new profile?" (new Error("", "(unknown module)"))
1610317198455	Marionette	INFO	Listening on port 56061
1610317198957	Marionette	WARN	TLS certificate errors will be ignored for this session
1610317199592	Marionette	INFO	Stopped listening on port 56061

###!!! [Child][RunMessage] Error: Channel closing: too late to send/recv, messages will be lost

1610317460534	geckodriver	INFO	Listening on 127.0.0.1:56304
1610317463527	mozrunner::runner	INFO	Running command: "C:\\Program Files\\Mozilla Firefox\\firefox.exe" "--marionette" "-foreground" "-no-remote" "-profile" "C:\\Users\\tseco\\AppData\\Local\\Temp\\rust_mozprofileinuYqk"
Can't find symbol 'eglSwapBuffersWithDamageEXT'.
Can't find symbol 'eglSetDamageRegionKHR'.
JavaScript error: resource://gre/modules/XULStore.jsm, line 66: Error: Can't find profile directory.
console.warn: SearchSettings: "get: No settings file exists, new profile?" (new Error("", "(unknown module)"))
1610317467301	Marionette	INFO	Listening on port 56314
1610317467776	Marionette	WARN	TLS certificate errors will be ignored for this session
1610317476264	Marionette	INFO	Stopped listening on port 56314

###!!! [Child][RunMessage] Error: Channel closing: too late to send/recv, messages will be lost

1610317490841	geckodriver	INFO	Listening on 127.0.0.1:56393
1610317493820	mozrunner::runner	INFO	Running command: "C:\\Program Files\\Mozilla Firefox\\firefox.exe" "--marionette" "-foreground" "-no-remote" "-profile" "C:\\Users\\tseco\\AppData\\Local\\Temp\\rust_mozprofileXBU1tm"
Can't find symbol 'eglSwapBuffersWithDamageEXT'.
Can't find symbol 'eglSetDamageRegionKHR'.
JavaScript error: resource://gre/modules/XULStore.jsm, line 66: Error: Can't find profile directory.
console.warn: SearchSettings: "get: No settings file exists, new profile?" (new Error("", "(unknown module)"))
1610317497538	Marionette	INFO	Listening on port 56403
1610317497576	Marionette	WARN	TLS certificate errors will be ignored for this session
JavaScript error: resource://gre/actors/PictureInPictureChild.jsm, line 452: TypeError: this.contentWindow is null
JavaScript error: resource://gre/actors/PictureInPictureChild.jsm, line 568: TypeError: this.contentWindow is null
1610317542737	Marionette	INFO	Stopped listening on port 56403
JavaScript error: resource://gre/actors/PictureInPictureChild.jsm, line 298: InvalidStateError: An attempt was made to use an object that is not, or is no longer, usable
JavaScript error: resource://gre/actors/PictureInPictureChild.jsm, line 298: InvalidStateError: An attempt was made to use an object that is not, or is no longer, usable
JavaScript error: resource://gre/actors/PictureInPictureChild.jsm, line 298: InvalidStateError: An attempt was made to use an object that is not, or is no longer, usable

###!!! [Child][RunMessage] Error: Channel closing: too late to send/recv, messages will be lost

1610317559371	geckodriver	INFO	Listening on 127.0.0.1:56523
1610317562377	mozrunner::runner	INFO	Running command: "C:\\Program Files\\Mozilla Firefox\\firefox.exe" "--marionette" "-foreground" "-no-remote" "-profile" "C:\\Users\\tseco\\AppData\\Local\\Temp\\rust_mozprofileq5uT2R"
Can't find symbol 'eglSwapBuffersWithDamageEXT'.
Can't find symbol 'eglSetDamageRegionKHR'.
JavaScript error: resource://gre/modules/XULStore.jsm, line 66: Error: Can't find profile directory.
console.warn: SearchSettings: "get: No settings file exists, new profile?" (new Error("", "(unknown module)"))
1610317565899	Marionette	INFO	Listening on port 56533
1610317566088	Marionette	WARN	TLS certificate errors will be ignored for this session
JavaScript error: resource://gre/actors/PictureInPictureChild.jsm, line 568: TypeError: this.contentWindow is null
JavaScript error: resource://gre/actors/PictureInPictureChild.jsm, line 225: InvalidStateError: An attempt was made to use an object that is not, or is no longer, usable
1610317581876	Marionette	INFO	Stopped listening on port 56533
JavaScript error: resource://gre/actors/PictureInPictureChild.jsm, line 298: InvalidStateError: An attempt was made to use an object that is not, or is no longer, usable
JavaScript error: resource://gre/actors/PictureInPictureChild.jsm, line 298: InvalidStateError: An attempt was made to use an object that is not, or is no longer, usable
JavaScript error: resource://gre/actors/PictureInPictureChild.jsm, line 298: InvalidStateError: An attempt was made to use an object that is not, or is no longer, usable
JavaScript error: resource://gre/actors/PictureInPictureChild.jsm, line 298: InvalidStateError: An attempt was made to use an object that is not, or is no longer, usable

###!!! [Child][RunMessage] Error: Channel closing: too late to send/recv, messages will be lost

1610317608177	geckodriver	INFO	Listening on 127.0.0.1:56633
1610317611197	mozrunner::runner	INFO	Running command: "C:\\Program Files\\Mozilla Firefox\\firefox.exe" "--marionette" "-foreground" "-no-remote" "-profile" "C:\\Users\\tseco\\AppData\\Local\\Temp\\rust_mozprofilecMlVHT"
Can't find symbol 'eglSwapBuffersWithDamageEXT'.
Can't find symbol 'eglSetDamageRegionKHR'.
JavaScript error: resource://gre/modules/XULStore.jsm, line 66: Error: Can't find profile directory.
console.warn: SearchSettings: "get: No settings file exists, new profile?" (new Error("", "(unknown module)"))
1610317614903	Marionette	INFO	Listening on port 56642
1610317614980	Marionette	WARN	TLS certificate errors will be ignored for this session
JavaScript error: resource://gre/actors/PictureInPictureChild.jsm, line 452: TypeError: this.contentWindow is null
JavaScript error: resource://gre/actors/PictureInPictureChild.jsm, line 568: TypeError: this.contentWindow is null
1610317642337	Marionette	INFO	Stopped listening on port 56642
JavaScript error: resource://gre/actors/PictureInPictureChild.jsm, line 298: InvalidStateError: An attempt was made to use an object that is not, or is no longer, usable
JavaScript error: resource://gre/actors/PictureInPictureChild.jsm, line 298: InvalidStateError: An attempt was made to use an object that is not, or is no longer, usable
JavaScript error: resource://gre/actors/PictureInPictureChild.jsm, line 298: InvalidStateError: An attempt was made to use an object that is not, or is no longer, usable

###!!! [Child][RunMessage] Error: Channel closing: too late to send/recv, messages will be lost

1610317654538	geckodriver	INFO	Listening on 127.0.0.1:56739
1610317657537	mozrunner::runner	INFO	Running command: "C:\\Program Files\\Mozilla Firefox\\firefox.exe" "--marionette" "-foreground" "-no-remote" "-profile" "C:\\Users\\tseco\\AppData\\Local\\Temp\\rust_mozprofileqDQRKH"
Can't find symbol 'eglSwapBuffersWithDamageEXT'.
Can't find symbol 'eglSetDamageRegionKHR'.
JavaScript error: resource://gre/modules/XULStore.jsm, line 66: Error: Can't find profile directory.
console.warn: SearchSettings: "get: No settings file exists, new profile?" (new Error("", "(unknown module)"))
1610317661233	Marionette	INFO	Listening on port 56748
1610317661760	Marionette	WARN	TLS certificate errors will be ignored for this session
JavaScript error: resource://gre/actors/PictureInPictureChild.jsm, line 568: TypeError: this.contentWindow is null
JavaScript error: resource://gre/actors/PictureInPictureChild.jsm, line 225: InvalidStateError: An attempt was made to use an object that is not, or is no longer, usable
1610317691288	Marionette	INFO	Stopped listening on port 56748
JavaScript error: resource://gre/actors/PictureInPictureChild.jsm, line 298: InvalidStateError: An attempt was made to use an object that is not, or is no longer, usable
JavaScript error: resource://gre/actors/PictureInPictureChild.jsm, line 298: InvalidStateError: An attempt was made to use an object that is not, or is no longer, usable
JavaScript error: resource://gre/actors/PictureInPictureChild.jsm, line 298: InvalidStateError: An attempt was made to use an object that is not, or is no longer, usable

###!!! [Child][RunMessage] Error: Channel closing: too late to send/recv, messages will be lost

